This is e-pTeX, Version 3.14159265-p3.7-150805-2.6 (sjis) (TeX Live 2015/W32TeX) (preloaded format=platex 2015.10.3)  12 MAY 2016 17:28
entering extended mode
 restricted \write18 enabled.
 %&-line parsing enabled.
**./AdrioA1.tex
(./AdrioA1.tex
pLaTeX2e <2006/11/10> (based on LaTeX2e <2015/10/01> patch level 1)
Babel <3.9m> and hyphenation patterns for 79 languages loaded.
(c:/w32tex/share/texmf-dist/tex/latex/base/article.cls
Document Class: article 2014/09/29 v1.4h Standard LaTeX document class
(c:/w32tex/share/texmf-dist/tex/latex/base/size10.clo
File: size10.clo 2014/09/29 v1.4h Standard LaTeX file (size option)
)
\c@part=\count81
\c@section=\count82
\c@subsection=\count83
\c@subsubsection=\count84
\c@paragraph=\count85
\c@subparagraph=\count86
\c@figure=\count87
\c@table=\count88
\abovecaptionskip=\skip41
\belowcaptionskip=\skip42
\bibindent=\dimen118
)
No file AdrioA1.aux.
\openout1 = `AdrioA1.aux'.

LaTeX Font Info:    Checking defaults for OML/cmm/m/it on input line 2.
LaTeX Font Info:    ... okay on input line 2.
LaTeX Font Info:    Checking defaults for T1/cmr/m/n on input line 2.
LaTeX Font Info:    ... okay on input line 2.
LaTeX Font Info:    Checking defaults for OT1/cmr/m/n on input line 2.
LaTeX Font Info:    ... okay on input line 2.
LaTeX Font Info:    Checking defaults for OMS/cmsy/m/n on input line 2.
LaTeX Font Info:    ... okay on input line 2.
LaTeX Font Info:    Checking defaults for OMX/cmex/m/n on input line 2.
LaTeX Font Info:    ... okay on input line 2.
LaTeX Font Info:    Checking defaults for U/cmr/m/n on input line 2.
LaTeX Font Info:    ... okay on input line 2.
LaTeX Font Info:    Checking defaults for JY1/mc/m/n on input line 2.
LaTeX Font Info:    ... okay on input line 2.
LaTeX Font Info:    Checking defaults for JT1/mc/m/n on input line 2.
LaTeX Font Info:    ... okay on input line 2.
LaTeX Font Info:    Font shape `JT1/mc/bx/n' in size <14.4> not available
(Font)              Font shape `JT1/gt/m/n' tried instead on input line 3.
LaTeX Font Info:    Font shape `JY1/mc/bx/n' in size <14.4> not available
(Font)              Font shape `JY1/gt/m/n' tried instead on input line 3.
LaTeX Font Info:    Font shape `JT1/mc/bx/n' in size <20.74> not available
(Font)              Font shape `JT1/gt/m/n' tried instead on input line 3.
LaTeX Font Info:    Font shape `JY1/mc/bx/n' in size <20.74> not available
(Font)              Font shape `JY1/gt/m/n' tried instead on input line 3.
[1

] (./AdrioA1.aux) ) 
Here is how much of TeX's memory you used:
 213 strings out of 493734
 2283 string characters out of 6152927
 59527 words of memory out of 5000000
 3829 multiletter control sequences out of 15000+600000
 9812 words of font info for 40 fonts, out of 8000000 for 9000
 929 hyphenation exceptions out of 8191
 22i,4n,17p,648b,157s stack positions out of 5000i,500n,10000p,500000b,80000s

Output written on AdrioA1.dvi (1 page, 2964 bytes).
